0 info it worked if it ends with ok
1 verbose cli [ 'node',
1 verbose cli   '/usr/local/bin/npm',
1 verbose cli   'install',
1 verbose cli   'https://github.com/hbi99/junior/tree/master' ]
2 info using npm@1.3.21
3 info using node@v0.10.24
4 verbose readDependencies using package.json deps
5 verbose cache add [ 'https://github.com/hbi99/junior/tree/master', null ]
6 verbose cache add name=undefined spec="https://github.com/hbi99/junior/tree/master" args=["https://github.com/hbi99/junior/tree/master",null]
7 verbose parsed url { protocol: 'https:',
7 verbose parsed url   slashes: true,
7 verbose parsed url   auth: null,
7 verbose parsed url   host: 'github.com',
7 verbose parsed url   port: null,
7 verbose parsed url   hostname: 'github.com',
7 verbose parsed url   hash: null,
7 verbose parsed url   search: null,
7 verbose parsed url   query: null,
7 verbose parsed url   pathname: '/hbi99/junior/tree/master',
7 verbose parsed url   path: '/hbi99/junior/tree/master',
7 verbose parsed url   href: 'https://github.com/hbi99/junior/tree/master' }
8 silly lockFile 8406bd46-hub-com-hbi99-junior-tree-master https://github.com/hbi99/junior/tree/master
9 verbose lock https://github.com/hbi99/junior/tree/master /Users/hbi/.npm/8406bd46-hub-com-hbi99-junior-tree-master.lock
10 silly lockFile 8406bd46-hub-com-hbi99-junior-tree-master https://github.com/hbi99/junior/tree/master
11 error Error: EACCES, open '/Users/hbi/.npm/8406bd46-hub-com-hbi99-junior-tree-master.lock'
11 error  { [Error: EACCES, open '/Users/hbi/.npm/8406bd46-hub-com-hbi99-junior-tree-master.lock']
11 error   errno: 3,
11 error   code: 'EACCES',
11 error   path: '/Users/hbi/.npm/8406bd46-hub-com-hbi99-junior-tree-master.lock' }
12 error Please try running this command again as root/Administrator.
13 error System Darwin 13.0.0
14 error command "node" "/usr/local/bin/npm" "install" "https://github.com/hbi99/junior/tree/master"
15 error cwd /Applications/XAMPP/xamppfiles/htdocs/proj/priv/longscript
16 error node -v v0.10.24
17 error npm -v 1.3.21
18 error path /Users/hbi/.npm/8406bd46-hub-com-hbi99-junior-tree-master.lock
19 error code EACCES
20 error errno 3
21 error stack Error: EACCES, open '/Users/hbi/.npm/8406bd46-hub-com-hbi99-junior-tree-master.lock'
22 verbose exit [ 3, true ]
